c:\gajan\school\ucla\freshman\winter\cs32\projects\cracked\cracked\release\vc141.pdb
c:\gajan\school\ucla\freshman\winter\cs32\projects\cracked\cracked\release\wordlist.obj
c:\gajan\school\ucla\freshman\winter\cs32\projects\cracked\cracked\release\translator.obj
c:\gajan\school\ucla\freshman\winter\cs32\projects\cracked\cracked\release\tokenizer.obj
c:\gajan\school\ucla\freshman\winter\cs32\projects\cracked\cracked\release\main.obj
c:\gajan\school\ucla\freshman\winter\cs32\projects\cracked\cracked\release\decrypter.obj
c:\gajan\school\ucla\freshman\winter\cs32\projects\cracked\cracked\release\junk.obj
c:\gajan\school\ucla\freshman\winter\cs32\projects\cracked\cracked\release\decryptertest.obj
c:\gajan\school\ucla\freshman\winter\cs32\projects\cracked\cracked\release\p4sanity.obj
c:\gajan\school\ucla\freshman\winter\cs32\projects\cracked\cracked\release\aaronhashtest.obj
c:\gajan\school\ucla\freshman\winter\cs32\projects\cracked\release\cracked.ipdb
c:\gajan\school\ucla\freshman\winter\cs32\projects\cracked\release\cracked.iobj
c:\gajan\school\ucla\freshman\winter\cs32\projects\cracked\release\cracked.exe
c:\gajan\school\ucla\freshman\winter\cs32\projects\cracked\release\cracked.pdb
c:\gajan\school\ucla\freshman\winter\cs32\projects\cracked\cracked\release\cracked.tlog\cl.command.1.tlog
c:\gajan\school\ucla\freshman\winter\cs32\projects\cracked\cracked\release\cracked.tlog\cl.read.1.tlog
c:\gajan\school\ucla\freshman\winter\cs32\projects\cracked\cracked\release\cracked.tlog\cl.write.1.tlog
c:\gajan\school\ucla\freshman\winter\cs32\projects\cracked\cracked\release\cracked.tlog\cracked.write.1u.tlog
c:\gajan\school\ucla\freshman\winter\cs32\projects\cracked\cracked\release\cracked.tlog\link.command.1.tlog
c:\gajan\school\ucla\freshman\winter\cs32\projects\cracked\cracked\release\cracked.tlog\link.read.1.tlog
c:\gajan\school\ucla\freshman\winter\cs32\projects\cracked\cracked\release\cracked.tlog\link.write.1.tlog
