  main.cpp
  Decrypter.cpp
c:\gajan\school\ucla\freshman\winter\cs32\projects\cracked\cracked\decrypter.cpp(33): warning C4018: '<': signed/unsigned mismatch
c:\gajan\school\ucla\freshman\winter\cs32\projects\cracked\cracked\decrypter.cpp(41): warning C4018: '<': signed/unsigned mismatch
c:\gajan\school\ucla\freshman\winter\cs32\projects\cracked\cracked\decrypter.cpp(60): warning C4018: '<': signed/unsigned mismatch
c:\gajan\school\ucla\freshman\winter\cs32\projects\cracked\cracked\decrypter.cpp(71): warning C4018: '<': signed/unsigned mismatch
  Generating Code...
  Compiling...
  Translator.cpp
c:\gajan\school\ucla\freshman\winter\cs32\projects\cracked\cracked\translator.cpp(73): warning C4018: '<': signed/unsigned mismatch
c:\gajan\school\ucla\freshman\winter\cs32\projects\cracked\cracked\translator.cpp(93): warning C4018: '<': signed/unsigned mismatch
  Generating Code...
  Compiling...
  WordList.cpp
c:\gajan\school\ucla\freshman\winter\cs32\projects\cracked\cracked\wordlist.cpp(33): warning C4018: '<': signed/unsigned mismatch
c:\gajan\school\ucla\freshman\winter\cs32\projects\cracked\cracked\wordlist.cpp(37): warning C4018: '<': signed/unsigned mismatch
c:\gajan\school\ucla\freshman\winter\cs32\projects\cracked\cracked\wordlist.cpp(119): warning C4018: '<': signed/unsigned mismatch
c:\gajan\school\ucla\freshman\winter\cs32\projects\cracked\cracked\wordlist.cpp(123): warning C4018: '<': signed/unsigned mismatch
c:\gajan\school\ucla\freshman\winter\cs32\projects\cracked\cracked\myhash.h(164): error C2872: 'hash': ambiguous symbol
  c:\gajan\school\ucla\freshman\winter\cs32\projects\cracked\cracked\myhash.h(164): note: could be 'hash'
  c:\program files (x86)\microsoft visual studio\2017\community\vc\tools\msvc\14.12.25827\include\type_traits(2371): note: or       'std::hash'
  c:\gajan\school\ucla\freshman\winter\cs32\projects\cracked\cracked\myhash.h(163): note: while compiling class template member function 'int MyHash<std::string,std::vector<std::string,std::allocator<_Ty>>>::bucketNumber(const KeyType &) const'
          with
          [
              _Ty=std::string,
              KeyType=std::string
          ]
  c:\gajan\school\ucla\freshman\winter\cs32\projects\cracked\cracked\myhash.h(99): note: see reference to function template instantiation 'int MyHash<std::string,std::vector<std::string,std::allocator<_Ty>>>::bucketNumber(const KeyType &) const' being compiled
          with
          [
              _Ty=std::string,
              KeyType=std::string
          ]
  c:\gajan\school\ucla\freshman\winter\cs32\projects\cracked\cracked\myhash.h(51): note: while compiling class template member function 'MyHash<std::string,std::vector<std::string,std::allocator<_Ty>>>::MyHash(double)'
          with
          [
              _Ty=std::string
          ]
  c:\gajan\school\ucla\freshman\winter\cs32\projects\cracked\cracked\wordlist.cpp(161): note: see reference to function template instantiation 'MyHash<std::string,std::vector<std::string,std::allocator<_Ty>>>::MyHash(double)' being compiled
          with
          [
              _Ty=std::string
          ]
  c:\gajan\school\ucla\freshman\winter\cs32\projects\cracked\cracked\wordlist.cpp(19): note: see reference to class template instantiation 'MyHash<std::string,std::vector<std::string,std::allocator<_Ty>>>' being compiled
          with
          [
              _Ty=std::string
          ]
  Generating Code...
